<?xml version="1.0" encoding="UTF-8"?>
<testng-results ignored="0" total="0" passed="0" failed="0" skipped="0">
  <reporter-output>
  </reporter-output>
  <suite started-at="2023-10-29T18:38:01 CET" name="com.selenium.testcases.HospitalTestCase" finished-at="2023-10-29T18:38:01 CET" duration-ms="11">
    <groups>
    </groups>
    <test started-at="2023-10-29T18:38:01 CET" name="Command line test" finished-at="2023-10-29T18:38:01 CET" duration-ms="11">
    </test> <!-- Command line test -->
  </suite> <!-- com.selenium.testcases.HospitalTestCase -->
</testng-results>
